<?xml version="1.0" encoding="UTF-8"?>
<testsuite xmlns:xsi="http://www.w3.org/2001/XMLSchema-instance" xsi:noNamespaceSchemaLocation="https://maven.apache.org/surefire/maven-surefire-plugin/xsd/surefire-test-report.xsd" name="edu.sdccd.cisc191.MusicLibraryTest" time="0.038" tests="5" errors="0" skipped="0" failures="0">
  <properties>
[...]
</properties>
  <testcase name="testSortTracksByAttribute" classname="edu.sdccd.cisc191.MusicLibraryTest" time="0.028"/>
  <testcase name="testRemoveTrack" classname="edu.sdccd.cisc191.MusicLibraryTest" time="0.001"/>
  <testcase name="testAddTrack" classname="edu.sdccd.cisc191.MusicLibraryTest" time="0"/>
  <testcase name="testAddListener" classname="edu.sdccd.cisc191.MusicLibraryTest" time="0.002"/>
  <testcase name="testGetTracksByGenre" classname="edu.sdccd.cisc191.MusicLibraryTest" time="0.001"/>
</testsuite>